Release 14.7 - xst P.20131013 (nt64)
Copyright (c) 1995-2013 Xilinx, Inc.  All rights reserved.
--> Parameter TMPDIR set to xst/projnav.tmp


Total REAL time to Xst completion: 1.00 secs
Total CPU time to Xst completion: 0.07 secs
 
--> Parameter xsthdpdir set to xst


Total REAL time to Xst completion: 1.00 secs
Total CPU time to Xst completion: 0.08 secs
 
--> Reading design: ALU.prj

TABLE OF CONTENTS
  1) Synthesis Options Summary
  2) HDL Compilation
  3) Design Hierarchy Analysis
  4) HDL Analysis
  5) HDL Synthesis
     5.1) HDL Synthesis Report
  6) Advanced HDL Synthesis
     6.1) Advanced HDL Synthesis Report
  7) Low Level Synthesis
  8) Partition Report
  9) Final Report
	9.1) Device utilization summary
	9.2) Partition Resource Summary
	9.3) TIMING REPORT


=========================================================================
*                      Synthesis Options Summary                        *
=========================================================================
---- Source Parameters
Input File Name                    : "ALU.prj"
Input Format                       : mixed
Ignore Synthesis Constraint File   : NO

---- Target Parameters
Output File Name                   : "ALU"
Output Format                      : NGC
Target Device                      : xc3s1200e-4-fg320

---- Source Options
Top Module Name                    : ALU
Automatic FSM Extraction           : YES
FSM Encoding Algorithm             : Auto
Safe Implementation                : No
FSM Style                          : LUT
RAM Extraction                     : Yes
RAM Style                          : Auto
ROM Extraction                     : Yes
Mux Style                          : Auto
Decoder Extraction                 : YES
Priority Encoder Extraction        : Yes
Shift Register Extraction          : YES
Logical Shifter Extraction         : YES
XOR Collapsing                     : YES
ROM Style                          : Auto
Mux Extraction                     : Yes
Resource Sharing                   : YES
Asynchronous To Synchronous        : NO
Multiplier Style                   : Auto
Automatic Register Balancing       : No

---- Target Options
Add IO Buffers                     : YES
Global Maximum Fanout              : 100000
Add Generic Clock Buffer(BUFG)     : 24
Register Duplication               : YES
Slice Packing                      : YES
Optimize Instantiated Primitives   : NO
Use Clock Enable                   : Yes
Use Synchronous Set                : Yes
Use Synchronous Reset              : Yes
Pack IO Registers into IOBs        : Auto
Equivalent register Removal        : YES

---- General Options
Optimization Goal                  : Speed
Optimization Effort                : 1
Keep Hierarchy                     : No
Netlist Hierarchy                  : As_Optimized
RTL Output                         : Yes
Global Optimization                : AllClockNets
Read Cores                         : YES
Write Timing Constraints           : NO
Cross Clock Analysis               : NO
Hierarchy Separator                : /
Bus Delimiter                      : <>
Case Specifier                     : Maintain
Slice Utilization Ratio            : 100
BRAM Utilization Ratio             : 100
Verilog 2001                       : YES
Auto BRAM Packing                  : NO
Slice Utilization Ratio Delta      : 5

=========================================================================


=========================================================================
*                          HDL Compilation                              *
=========================================================================
Compiling verilog file "ALU.v" in library work
Module <ALU> compiled
No errors in compilation
Analysis of file <"ALU.prj"> succeeded.
 

=========================================================================
*                     Design Hierarchy Analysis                         *
=========================================================================
Analyzing hierarchy for module <ALU> in library <work> with parameters.
	ADD = "0000"
	AND = "0010"
	EQL = "1001"
	N = "00000000000000000000000000100000"
	NOT = "0101"
	OR = "0011"
	SLL = "0111"
	SUB = "0001"
	XOR = "0100"


=========================================================================
*                            HDL Analysis                               *
=========================================================================
Analyzing top module <ALU>.
	ADD = 4'b0000
	AND = 4'b0010
	EQL = 4'b1001
	N = 32'sb00000000000000000000000000100000
	NOT = 4'b0101
	OR = 4'b0011
	SLL = 4'b0111
	SUB = 4'b0001
	XOR = 4'b0100
Module <ALU> is correct for synthesis.
 

=========================================================================
*                           HDL Synthesis                               *
=========================================================================

Performing bidirectional port resolution...

Synthesizing Unit <ALU>.
    Related source file is "ALU.v".
    Found 32-bit addsub for signal <out$addsub0000>.
    Found 32-bit comparator equal for signal <out$cmp_eq0008> created at line 48.
    Found 32-bit shifter logical left for signal <out$shift0001> created at line 47.
    Found 32-bit xor2 for signal <out$xor0000> created at line 45.
    Summary:
	inferred   1 Adder/Subtractor(s).
	inferred   1 Comparator(s).
	inferred   1 Combinational logic shifter(s).
Unit <ALU> synthesized.

INFO:Xst:1767 - HDL ADVISOR - Resource sharing has identified that some arithmetic operations in this design can share the same physical resources for reduced device utilization. For improved clock frequency you may try to disable resource sharing.

=========================================================================
HDL Synthesis Report

Macro Statistics
# Adders/Subtractors                                   : 1
 32-bit addsub                                         : 1
# Comparators                                          : 1
 32-bit comparator equal                               : 1
# Logic shifters                                       : 1
 32-bit shifter logical left                           : 1
# Xors                                                 : 1
 32-bit xor2                                           : 1

=========================================================================

=========================================================================
*                       Advanced HDL Synthesis                          *
=========================================================================


=========================================================================
Advanced HDL Synthesis Report

Macro Statistics
# Adders/Subtractors                                   : 1
 32-bit addsub                                         : 1
# Comparators                                          : 1
 32-bit comparator equal                               : 1
# Logic shifters                                       : 1
 32-bit shifter logical left                           : 1
# Xors                                                 : 1
 32-bit xor2                                           : 1

=========================================================================

=========================================================================
*                         Low Level Synthesis                           *
=========================================================================

Optimizing unit <ALU> ...

Mapping all equations...
Building and optimizing final netlist ...
Found area constraint ratio of 100 (+ 5) on block ALU, actual ratio is 2.

Final Macro Processing ...

=========================================================================
Final Register Report

Found no macro
=========================================================================

=========================================================================
*                           Partition Report                            *
=========================================================================

Partition Implementation Status
-------------------------------

  No Partitions were found in this design.

-------------------------------

=========================================================================
*                            Final Report                               *
=========================================================================
Final Results
RTL Top Level Output File Name     : ALU.ngr
Top Level Output File Name         : ALU
Output Format                      : NGC
Optimization Goal                  : Speed
Keep Hierarchy                     : No

Design Statistics
# IOs                              : 100

Cell Usage :
# BELS                             : 494
#      GND                         : 1
#      INV                         : 1
#      LUT2                        : 36
#      LUT3                        : 113
#      LUT4                        : 196
#      MUXCY                       : 55
#      MUXF5                       : 59
#      VCC                         : 1
#      XORCY                       : 32
# IO Buffers                       : 100
#      IBUF                        : 68
#      OBUF                        : 32
=========================================================================

Device utilization summary:
---------------------------

Selected Device : 3s1200efg320-4 

 Number of Slices:                      186  out of   8672     2%  
 Number of 4 input LUTs:                346  out of  17344     1%  
 Number of IOs:                         100
 Number of bonded IOBs:                 100  out of    250    40%  

---------------------------
Partition Resource Summary:
---------------------------

  No Partitions were found in this design.

---------------------------


=========================================================================
TIMING REPORT

NOTE: THESE TIMING NUMBERS ARE ONLY A SYNTHESIS ESTIMATE.
      FOR ACCURATE TIMING INFORMATION PLEASE REFER TO THE TRACE REPORT
      GENERATED AFTER PLACE-and-ROUTE.

Clock Information:
------------------
No clock signals found in this design

Asynchronous Control Signals Information:
----------------------------------------
No asynchronous control signals found in this design

Timing Summary:
---------------
Speed Grade: -4

   Minimum period: No path found
   Minimum input arrival time before clock: No path found
   Maximum output required time after clock: No path found
   Maximum combinational path delay: 14.702ns

Timing Detail:
--------------
All values displayed in nanoseconds (ns)

=========================================================================
Timing constraint: Default path analysis
  Total number of paths / destination ports: 7086 / 32
-------------------------------------------------------------------------
Delay:               14.702ns (Levels of Logic = 39)
  Source:            opCode<2> (PAD)
  Destination:       out<32> (PAD)

  Data Path: opCode<2> to out<32>
                                Gate     Net
    Cell:in->out      fanout   Delay   Delay  Logical Name (Net Name)
    ----------------------------------------  ------------
     IBUF:I->O            43   1.218   1.301  opCode_2_IBUF (opCode_2_IBUF)
     LUT4:I2->O           33   0.704   1.298  out_mux00002 (out_mux0000)
     LUT3:I2->O            1   0.704   0.000  Maddsub_out_addsub0000_lut<0> (Maddsub_out_addsub0000_lut<0>)
     MUXCY:S->O            1   0.464   0.000  Maddsub_out_addsub0000_cy<0> (Maddsub_out_addsub0000_cy<0>)
     MUXCY:CI->O           1   0.059   0.000  Maddsub_out_addsub0000_cy<1> (Maddsub_out_addsub0000_cy<1>)
     MUXCY:CI->O           1   0.059   0.000  Maddsub_out_addsub0000_cy<2> (Maddsub_out_addsub0000_cy<2>)
     MUXCY:CI->O           1   0.059   0.000  Maddsub_out_addsub0000_cy<3> (Maddsub_out_addsub0000_cy<3>)
     MUXCY:CI->O           1   0.059   0.000  Maddsub_out_addsub0000_cy<4> (Maddsub_out_addsub0000_cy<4>)
     MUXCY:CI->O           1   0.059   0.000  Maddsub_out_addsub0000_cy<5> (Maddsub_out_addsub0000_cy<5>)
     MUXCY:CI->O           1   0.059   0.000  Maddsub_out_addsub0000_cy<6> (Maddsub_out_addsub0000_cy<6>)
     MUXCY:CI->O           1   0.059   0.000  Maddsub_out_addsub0000_cy<7> (Maddsub_out_addsub0000_cy<7>)
     MUXCY:CI->O           1   0.059   0.000  Maddsub_out_addsub0000_cy<8> (Maddsub_out_addsub0000_cy<8>)
     MUXCY:CI->O           1   0.059   0.000  Maddsub_out_addsub0000_cy<9> (Maddsub_out_addsub0000_cy<9>)
     MUXCY:CI->O           1   0.059   0.000  Maddsub_out_addsub0000_cy<10> (Maddsub_out_addsub0000_cy<10>)
     MUXCY:CI->O           1   0.059   0.000  Maddsub_out_addsub0000_cy<11> (Maddsub_out_addsub0000_cy<11>)
     MUXCY:CI->O           1   0.059   0.000  Maddsub_out_addsub0000_cy<12> (Maddsub_out_addsub0000_cy<12>)
     MUXCY:CI->O           1   0.059   0.000  Maddsub_out_addsub0000_cy<13> (Maddsub_out_addsub0000_cy<13>)
     MUXCY:CI->O           1   0.059   0.000  Maddsub_out_addsub0000_cy<14> (Maddsub_out_addsub0000_cy<14>)
     MUXCY:CI->O           1   0.059   0.000  Maddsub_out_addsub0000_cy<15> (Maddsub_out_addsub0000_cy<15>)
     MUXCY:CI->O           1   0.059   0.000  Maddsub_out_addsub0000_cy<16> (Maddsub_out_addsub0000_cy<16>)
     MUXCY:CI->O           1   0.059   0.000  Maddsub_out_addsub0000_cy<17> (Maddsub_out_addsub0000_cy<17>)
     MUXCY:CI->O           1   0.059   0.000  Maddsub_out_addsub0000_cy<18> (Maddsub_out_addsub0000_cy<18>)
     MUXCY:CI->O           1   0.059   0.000  Maddsub_out_addsub0000_cy<19> (Maddsub_out_addsub0000_cy<19>)
     MUXCY:CI->O           1   0.059   0.000  Maddsub_out_addsub0000_cy<20> (Maddsub_out_addsub0000_cy<20>)
     MUXCY:CI->O           1   0.059   0.000  Maddsub_out_addsub0000_cy<21> (Maddsub_out_addsub0000_cy<21>)
     MUXCY:CI->O           1   0.059   0.000  Maddsub_out_addsub0000_cy<22> (Maddsub_out_addsub0000_cy<22>)
     MUXCY:CI->O           1   0.059   0.000  Maddsub_out_addsub0000_cy<23> (Maddsub_out_addsub0000_cy<23>)
     MUXCY:CI->O           1   0.059   0.000  Maddsub_out_addsub0000_cy<24> (Maddsub_out_addsub0000_cy<24>)
     MUXCY:CI->O           1   0.059   0.000  Maddsub_out_addsub0000_cy<25> (Maddsub_out_addsub0000_cy<25>)
     MUXCY:CI->O           1   0.059   0.000  Maddsub_out_addsub0000_cy<26> (Maddsub_out_addsub0000_cy<26>)
     MUXCY:CI->O           1   0.059   0.000  Maddsub_out_addsub0000_cy<27> (Maddsub_out_addsub0000_cy<27>)
     MUXCY:CI->O           1   0.059   0.000  Maddsub_out_addsub0000_cy<28> (Maddsub_out_addsub0000_cy<28>)
     MUXCY:CI->O           1   0.059   0.000  Maddsub_out_addsub0000_cy<29> (Maddsub_out_addsub0000_cy<29>)
     MUXCY:CI->O           0   0.059   0.000  Maddsub_out_addsub0000_cy<30> (Maddsub_out_addsub0000_cy<30>)
     XORCY:CI->O           1   0.804   0.595  Maddsub_out_addsub0000_xor<31> (out_addsub0000<31>)
     LUT2:I0->O            1   0.704   0.000  out<32>240_SW02 (out<32>240_SW01)
     MUXF5:I0->O           1   0.321   0.424  out<32>240_SW0_f5 (N164)
     LUT4:I3->O            1   0.704   0.420  out<32>240 (out_32_OBUF)
     OBUF:I->O                 3.272          out_32_OBUF (out<32>)
    ----------------------------------------
    Total                     14.702ns (10.665ns logic, 4.037ns route)
                                       (72.5% logic, 27.5% route)

=========================================================================


Total REAL time to Xst completion: 6.00 secs
Total CPU time to Xst completion: 5.44 secs
 
--> 

Total memory usage is 4518712 kilobytes

Number of errors   :    0 (   0 filtered)
Number of warnings :    0 (   0 filtered)
Number of infos    :    1 (   0 filtered)

